2022-03-21 16:04:17.683040 starting: opening ensemble_helper.log for logging
2022-03-21 16:04:17.683040 starting: pyemu.plot_utils.ensemble_helper()
2022-03-21 16:04:17.685036 plotting 9 histograms
2022-03-21 16:04:17.685036 saving pdf to None
2022-03-21 16:04:17.685036 starting: plotting reals for gage sfr
2022-03-21 16:04:17.787761 gage sfr min:    0, max:5017.52
2022-03-21 16:04:17.817681 starting: plotting reals for gage sfrtd
2022-03-21 16:04:17.822668 gage sfrtd min:-1058.54, max:2765.19
2022-03-21 16:04:17.849595 starting: plotting reals for headwater sfr
2022-03-21 16:04:17.854582 headwater sfr min:-3129.58, max:155.046
2022-03-21 16:04:17.879024 starting: plotting reals for headwater sfrtd
2022-03-21 16:04:17.885008 headwater sfrtd min:-1624.32, max:887.099
2022-03-21 16:04:17.912935 starting: plotting reals for tailwater sfr
2022-03-21 16:04:17.917921 tailwater sfr min:-2496.05, max:    0
2022-03-21 16:04:17.944848 starting: plotting reals for tailwater sfrtd
2022-03-21 16:04:17.949835 tailwater sfrtd min:-1337.4, max:609.608
2022-03-21 16:04:17.973771 starting: plotting reals for trgw hds
2022-03-21 16:04:17.980960 trgw hds min:33.4604, max:42.6557
2022-03-21 16:04:18.005685 starting: plotting reals for trgw hdstd
2022-03-21 16:04:18.011670 trgw hdstd min:-1.32605, max:1.17175
2022-03-21 16:04:18.045580 starting: plotting reals for trgw hdsvd
2022-03-21 16:04:18.479420 trgw hdsvd min:-0.0162395, max:0.043838
2022-03-21 16:04:18.548236 finished: pyemu.plot_utils.ensemble_helper() took: 0:00:00.865196
